[ DEBUG] [2019-09-12 11:25:30] jdbc.connection[533] - open connections:  1 (1)
[ DEBUG] [2019-09-12 11:25:30] jdbc.connection[533] - open connections:  1 2 (2)
[ DEBUG] [2019-09-12 11:25:30] jdbc.connection[533] - open connections:  1 2 3 (3)
[ DEBUG] [2019-09-12 11:25:30] jdbc.connection[533] - open connections:  1 2 3 4 (4)
[ DEBUG] [2019-09-12 11:25:30] jdbc.connection[533] - open connections:  1 2 3 4 5 (5)
[ DEBUG] [2019-09-12 11:25:30] jdbc.connection[533] - open connections:  1 2 3 4 5 6 (6)
[ DEBUG] [2019-09-12 11:25:30] jdbc.connection[533] - open connections:  1 2 3 4 5 6 7 (7)
[ DEBUG] [2019-09-12 11:25:30] jdbc.connection[533] - open connections:  1 2 3 4 5 6 7 8 (8)
[ DEBUG] [2019-09-12 11:25:30] jdbc.connection[533] - open connections:  1 2 3 4 5 6 7 8 9 (9)
[ DEBUG] [2019-09-12 11:25:30] jdbc.connection[533] - open connections:  1 2 3 4 5 6 7 8 9 10 (10)
[ DEBUG] [2019-09-12 11:25:45] jdbc.sqlonly[221] -  com.zaxxer.hikari.pool.ProxyPreparedStatement.executeQuery(ProxyPreparedStatement.java:52)
1. select sysuser0_.id as id1_0_, sysuser0_.password as password2_0_, sysuser0_.username as username3_0_ 
from t_user sysuser0_ where sysuser0_.username='admin' 

[ DEBUG] [2019-09-12 11:25:45] jdbc.sqlonly[221] -  com.zaxxer.hikari.pool.ProxyPreparedStatement.executeQuery(ProxyPreparedStatement.java:52)
1. select sysuser0_.id as id1_0_, sysuser0_.password as password2_0_, sysuser0_.username as username3_0_ 
from t_user sysuser0_ where sysuser0_.username='admin' 

[ DEBUG] [2019-09-12 11:27:26] jdbc.connection[552] - open connections:  2 3 4 5 6 7 8 9 10 (9)
[ DEBUG] [2019-09-12 11:27:26] jdbc.connection[552] - open connections:  3 4 5 6 7 8 9 10 (8)
[ DEBUG] [2019-09-12 11:27:26] jdbc.connection[552] - open connections:  4 5 6 7 8 9 10 (7)
[ DEBUG] [2019-09-12 11:27:26] jdbc.connection[552] - open connections:  5 6 7 8 9 10 (6)
[ DEBUG] [2019-09-12 11:27:26] jdbc.connection[552] - open connections:  6 7 8 9 10 (5)
[ DEBUG] [2019-09-12 11:27:26] jdbc.connection[552] - open connections:  7 8 9 10 (4)
[ DEBUG] [2019-09-12 11:27:26] jdbc.connection[552] - open connections:  8 9 10 (3)
[ DEBUG] [2019-09-12 11:27:26] jdbc.connection[552] - open connections:  9 10 (2)
[ DEBUG] [2019-09-12 11:27:26] jdbc.connection[552] - open connections:  10 (1)
[ DEBUG] [2019-09-12 11:27:26] jdbc.connection[552] - open connections:  none
[ DEBUG] [2019-09-12 11:27:34] jdbc.connection[533] - open connections:  1 (1)
[ DEBUG] [2019-09-12 11:27:34] jdbc.audit[158] - 1. Connection.new Connection returned   com.zaxxer.hikari.util.DriverDataSource.getConnection(DriverDataSource.java:136)
[ DEBUG] [2019-09-12 11:27:34] jdbc.audit[158] - 1. Connection.isReadOnly() returned false  com.zaxxer.hikari.pool.PoolBase.setupConnection(PoolBase.java:413)
[ DEBUG] [2019-09-12 11:27:34] jdbc.audit[158] - 1. Connection.getAutoCommit() returned true  com.zaxxer.hikari.pool.PoolBase.setupConnection(PoolBase.java:417)
[ DEBUG] [2019-09-12 11:27:34] jdbc.audit[158] - 1. Connection.isValid(1) returned true  com.zaxxer.hikari.pool.PoolBase.checkDriverSupport(PoolBase.java:454)
[ DEBUG] [2019-09-12 11:27:34] jdbc.audit[158] - 1. Connection.getTransactionIsolation() returned 4  com.zaxxer.hikari.pool.PoolBase.checkDriverSupport(PoolBase.java:466)
[ DEBUG] [2019-09-12 11:27:34] jdbc.audit[158] - 1. Connection.getMetaData() returned com.mysql.cj.jdbc.DatabaseMetaData@7e64c1a9  com.zaxxer.hikari.pool.ProxyConnection.getMetaData(ProxyConnection.java:354)
[ DEBUG] [2019-09-12 11:27:34] jdbc.audit[158] - 1. Connection.clearWarnings() returned   com.zaxxer.hikari.pool.ProxyConnection.close(ProxyConnection.java:242)
[ DEBUG] [2019-09-12 11:27:34] jdbc.audit[158] - 1. Connection.getMetaData() returned com.mysql.cj.jdbc.DatabaseMetaData@62b09715  com.zaxxer.hikari.pool.ProxyConnection.getMetaData(ProxyConnection.java:354)
[ DEBUG] [2019-09-12 11:27:34] jdbc.audit[158] - 1. Connection.clearWarnings() returned   com.zaxxer.hikari.pool.ProxyConnection.close(ProxyConnection.java:242)
[ DEBUG] [2019-09-12 11:27:34] jdbc.connection[533] - open connections:  1 2 (2)
[ DEBUG] [2019-09-12 11:27:34] jdbc.audit[158] - 2. Connection.new Connection returned   com.zaxxer.hikari.util.DriverDataSource.getConnection(DriverDataSource.java:136)
[ DEBUG] [2019-09-12 11:27:34] jdbc.audit[158] - 2. Connection.isReadOnly() returned false  com.zaxxer.hikari.pool.PoolBase.setupConnection(PoolBase.java:413)
[ DEBUG] [2019-09-12 11:27:34] jdbc.audit[158] - 2. Connection.getAutoCommit() returned true  com.zaxxer.hikari.pool.PoolBase.setupConnection(PoolBase.java:417)
[ DEBUG] [2019-09-12 11:27:34] jdbc.connection[533] - open connections:  1 2 3 (3)
[ DEBUG] [2019-09-12 11:27:34] jdbc.audit[158] - 3. Connection.new Connection returned   com.zaxxer.hikari.util.DriverDataSource.getConnection(DriverDataSource.java:136)
[ DEBUG] [2019-09-12 11:27:34] jdbc.audit[158] - 3. Connection.isReadOnly() returned false  com.zaxxer.hikari.pool.PoolBase.setupConnection(PoolBase.java:413)
[ DEBUG] [2019-09-12 11:27:34] jdbc.audit[158] - 3. Connection.getAutoCommit() returned true  com.zaxxer.hikari.pool.PoolBase.setupConnection(PoolBase.java:417)
[ DEBUG] [2019-09-12 11:27:34] jdbc.connection[533] - open connections:  1 2 3 4 (4)
[ DEBUG] [2019-09-12 11:27:34] jdbc.audit[158] - 4. Connection.new Connection returned   com.zaxxer.hikari.util.DriverDataSource.getConnection(DriverDataSource.java:136)
[ DEBUG] [2019-09-12 11:27:34] jdbc.audit[158] - 4. Connection.isReadOnly() returned false  com.zaxxer.hikari.pool.PoolBase.setupConnection(PoolBase.java:413)
[ DEBUG] [2019-09-12 11:27:34] jdbc.audit[158] - 4. Connection.getAutoCommit() returned true  com.zaxxer.hikari.pool.PoolBase.setupConnection(PoolBase.java:417)
[ DEBUG] [2019-09-12 11:27:34] jdbc.connection[533] - open connections:  1 2 3 4 5 (5)
[ DEBUG] [2019-09-12 11:27:34] jdbc.audit[158] - 5. Connection.new Connection returned   com.zaxxer.hikari.util.DriverDataSource.getConnection(DriverDataSource.java:136)
[ DEBUG] [2019-09-12 11:27:34] jdbc.audit[158] - 5. Connection.isReadOnly() returned false  com.zaxxer.hikari.pool.PoolBase.setupConnection(PoolBase.java:413)
[ DEBUG] [2019-09-12 11:27:34] jdbc.audit[158] - 5. Connection.getAutoCommit() returned true  com.zaxxer.hikari.pool.PoolBase.setupConnection(PoolBase.java:417)
[ DEBUG] [2019-09-12 11:27:34] jdbc.connection[533] - open connections:  1 2 3 4 5 6 (6)
[ DEBUG] [2019-09-12 11:27:34] jdbc.audit[158] - 6. Connection.new Connection returned   com.zaxxer.hikari.util.DriverDataSource.getConnection(DriverDataSource.java:136)
[ DEBUG] [2019-09-12 11:27:34] jdbc.audit[158] - 6. Connection.isReadOnly() returned false  com.zaxxer.hikari.pool.PoolBase.setupConnection(PoolBase.java:413)
[ DEBUG] [2019-09-12 11:27:34] jdbc.audit[158] - 6. Connection.getAutoCommit() returned true  com.zaxxer.hikari.pool.PoolBase.setupConnection(PoolBase.java:417)
[ DEBUG] [2019-09-12 11:27:34] jdbc.connection[533] - open connections:  1 2 3 4 5 6 7 (7)
[ DEBUG] [2019-09-12 11:27:34] jdbc.audit[158] - 7. Connection.new Connection returned   com.zaxxer.hikari.util.DriverDataSource.getConnection(DriverDataSource.java:136)
[ DEBUG] [2019-09-12 11:27:34] jdbc.audit[158] - 7. Connection.isReadOnly() returned false  com.zaxxer.hikari.pool.PoolBase.setupConnection(PoolBase.java:413)
[ DEBUG] [2019-09-12 11:27:34] jdbc.audit[158] - 7. Connection.getAutoCommit() returned true  com.zaxxer.hikari.pool.PoolBase.setupConnection(PoolBase.java:417)
[ DEBUG] [2019-09-12 11:27:34] jdbc.connection[533] - open connections:  1 2 3 4 5 6 7 8 (8)
[ DEBUG] [2019-09-12 11:27:34] jdbc.audit[158] - 8. Connection.new Connection returned   com.zaxxer.hikari.util.DriverDataSource.getConnection(DriverDataSource.java:136)
[ DEBUG] [2019-09-12 11:27:34] jdbc.audit[158] - 8. Connection.isReadOnly() returned false  com.zaxxer.hikari.pool.PoolBase.setupConnection(PoolBase.java:413)
[ DEBUG] [2019-09-12 11:27:34] jdbc.audit[158] - 8. Connection.getAutoCommit() returned true  com.zaxxer.hikari.pool.PoolBase.setupConnection(PoolBase.java:417)
[ DEBUG] [2019-09-12 11:27:34] jdbc.connection[533] - open connections:  1 2 3 4 5 6 7 8 9 (9)
[ DEBUG] [2019-09-12 11:27:34] jdbc.audit[158] - 9. Connection.new Connection returned   com.zaxxer.hikari.util.DriverDataSource.getConnection(DriverDataSource.java:136)
[ DEBUG] [2019-09-12 11:27:34] jdbc.audit[158] - 9. Connection.isReadOnly() returned false  com.zaxxer.hikari.pool.PoolBase.setupConnection(PoolBase.java:413)
[ DEBUG] [2019-09-12 11:27:34] jdbc.audit[158] - 9. Connection.getAutoCommit() returned true  com.zaxxer.hikari.pool.PoolBase.setupConnection(PoolBase.java:417)
[ DEBUG] [2019-09-12 11:27:34] jdbc.connection[533] - open connections:  1 2 3 4 5 6 7 8 9 10 (10)
[ DEBUG] [2019-09-12 11:27:34] jdbc.audit[158] - 10. Connection.new Connection returned   com.zaxxer.hikari.util.DriverDataSource.getConnection(DriverDataSource.java:136)
[ DEBUG] [2019-09-12 11:27:34] jdbc.audit[158] - 10. Connection.isReadOnly() returned false  com.zaxxer.hikari.pool.PoolBase.setupConnection(PoolBase.java:413)
[ DEBUG] [2019-09-12 11:27:34] jdbc.audit[158] - 10. Connection.getAutoCommit() returned true  com.zaxxer.hikari.pool.PoolBase.setupConnection(PoolBase.java:417)
[ DEBUG] [2019-09-12 11:27:34] jdbc.audit[158] - 1. Connection.isValid(5) returned true  com.zaxxer.hikari.pool.PoolBase.isConnectionAlive(PoolBase.java:153)
[ DEBUG] [2019-09-12 11:27:34] jdbc.audit[158] - 1. Connection.getMetaData() returned com.mysql.cj.jdbc.DatabaseMetaData@c14e5a5  com.zaxxer.hikari.pool.ProxyConnection.getMetaData(ProxyConnection.java:354)
[ DEBUG] [2019-09-12 11:27:34] jdbc.audit[158] - 1. Connection.clearWarnings() returned   com.zaxxer.hikari.pool.ProxyConnection.close(ProxyConnection.java:242)
[ DEBUG] [2019-09-12 11:27:35] jdbc.audit[158] - 1. Connection.isValid(5) returned true  com.zaxxer.hikari.pool.PoolBase.isConnectionAlive(PoolBase.java:153)
[ DEBUG] [2019-09-12 11:27:35] jdbc.audit[158] - 1. Connection.getMetaData() returned com.mysql.cj.jdbc.DatabaseMetaData@57a982f9  com.zaxxer.hikari.pool.ProxyConnection.getMetaData(ProxyConnection.java:354)
[ DEBUG] [2019-09-12 11:27:35] jdbc.audit[158] - 1. Connection.clearWarnings() returned   com.zaxxer.hikari.pool.ProxyConnection.close(ProxyConnection.java:242)
[ DEBUG] [2019-09-12 11:27:42] jdbc.audit[158] - 1. Connection.isValid(5) returned true  com.zaxxer.hikari.pool.PoolBase.isConnectionAlive(PoolBase.java:153)
[ DEBUG] [2019-09-12 11:27:42] jdbc.audit[158] - 1. PreparedStatement.new PreparedStatement returned   com.zaxxer.hikari.pool.ProxyConnection.prepareStatement(ProxyConnection.java:311)
[ DEBUG] [2019-09-12 11:27:42] jdbc.audit[158] - 1. Connection.prepareStatement(select sysuser0_.id as id1_0_, sysuser0_.password as password2_0_, sysuser0_.username as username3_0_ from t_user sysuser0_ where sysuser0_.username=?) returned net.sf.log4jdbc.PreparedStatementSpy@6a0c3ff5  com.zaxxer.hikari.pool.ProxyConnection.prepareStatement(ProxyConnection.java:311)
[ DEBUG] [2019-09-12 11:27:42] jdbc.audit[158] - 1. PreparedStatement.setString(1, "admin") returned   com.zaxxer.hikari.pool.HikariProxyPreparedStatement.setString(HikariProxyPreparedStatement.java:-1)
[ DEBUG] [2019-09-12 11:27:42] jdbc.sqlonly[221] -  com.zaxxer.hikari.pool.ProxyPreparedStatement.executeQuery(ProxyPreparedStatement.java:52)
1. select sysuser0_.id as id1_0_, sysuser0_.password as password2_0_, sysuser0_.username as username3_0_ 
from t_user sysuser0_ where sysuser0_.username='admin' 

[ DEBUG] [2019-09-12 11:27:42] jdbc.audit[158] - 1. PreparedStatement.executeQuery() returned net.sf.log4jdbc.ResultSetSpy@29f0bb6b  com.zaxxer.hikari.pool.ProxyPreparedStatement.executeQuery(ProxyPreparedStatement.java:52)
[ DEBUG] [2019-09-12 11:27:43] jdbc.audit[158] - 1. PreparedStatement.getMaxRows() returned 0  com.zaxxer.hikari.pool.HikariProxyPreparedStatement.getMaxRows(HikariProxyPreparedStatement.java:-1)
[ DEBUG] [2019-09-12 11:27:43] jdbc.audit[158] - 1. PreparedStatement.getQueryTimeout() returned 0  com.zaxxer.hikari.pool.HikariProxyPreparedStatement.getQueryTimeout(HikariProxyPreparedStatement.java:-1)
[ DEBUG] [2019-09-12 11:27:43] jdbc.audit[158] - 1. PreparedStatement.close() returned   com.zaxxer.hikari.pool.ProxyStatement.close(ProxyStatement.java:76)
[ DEBUG] [2019-09-12 11:27:43] jdbc.audit[158] - 1. PreparedStatement.new PreparedStatement returned   com.zaxxer.hikari.pool.ProxyConnection.prepareStatement(ProxyConnection.java:311)
[ DEBUG] [2019-09-12 11:27:43] jdbc.audit[158] - 1. Connection.prepareStatement(select sysuser0_.id as id1_0_, sysuser0_.password as password2_0_, sysuser0_.username as username3_0_ from t_user sysuser0_ where sysuser0_.username=?) returned net.sf.log4jdbc.PreparedStatementSpy@772ca76c  com.zaxxer.hikari.pool.ProxyConnection.prepareStatement(ProxyConnection.java:311)
[ DEBUG] [2019-09-12 11:27:43] jdbc.audit[158] - 1. PreparedStatement.setString(1, "admin") returned   com.zaxxer.hikari.pool.HikariProxyPreparedStatement.setString(HikariProxyPreparedStatement.java:-1)
[ DEBUG] [2019-09-12 11:27:43] jdbc.sqlonly[221] -  com.zaxxer.hikari.pool.ProxyPreparedStatement.executeQuery(ProxyPreparedStatement.java:52)
1. select sysuser0_.id as id1_0_, sysuser0_.password as password2_0_, sysuser0_.username as username3_0_ 
from t_user sysuser0_ where sysuser0_.username='admin' 

[ DEBUG] [2019-09-12 11:27:43] jdbc.audit[158] - 1. PreparedStatement.executeQuery() returned net.sf.log4jdbc.ResultSetSpy@30f8cbb3  com.zaxxer.hikari.pool.ProxyPreparedStatement.executeQuery(ProxyPreparedStatement.java:52)
[ DEBUG] [2019-09-12 11:27:43] jdbc.audit[158] - 1. PreparedStatement.getMaxRows() returned 0  com.zaxxer.hikari.pool.HikariProxyPreparedStatement.getMaxRows(HikariProxyPreparedStatement.java:-1)
[ DEBUG] [2019-09-12 11:27:43] jdbc.audit[158] - 1. PreparedStatement.getQueryTimeout() returned 0  com.zaxxer.hikari.pool.HikariProxyPreparedStatement.getQueryTimeout(HikariProxyPreparedStatement.java:-1)
[ DEBUG] [2019-09-12 11:27:43] jdbc.audit[158] - 1. PreparedStatement.close() returned   com.zaxxer.hikari.pool.ProxyStatement.close(ProxyStatement.java:76)
[ DEBUG] [2019-09-12 11:27:43] jdbc.audit[158] - 1. Connection.clearWarnings() returned   com.zaxxer.hikari.pool.HikariProxyConnection.clearWarnings(HikariProxyConnection.java:-1)
[ DEBUG] [2019-09-12 11:27:43] jdbc.audit[158] - 1. Connection.clearWarnings() returned   com.zaxxer.hikari.pool.ProxyConnection.close(ProxyConnection.java:242)
[ DEBUG] [2019-09-12 11:28:18] jdbc.audit[158] - 1. Connection.isClosed() returned false  com.zaxxer.hikari.pool.PoolBase.quietlyCloseConnection(PoolBase.java:131)
[ DEBUG] [2019-09-12 11:28:18] jdbc.connection[552] - open connections:  2 3 4 5 6 7 8 9 10 (9)
[ DEBUG] [2019-09-12 11:28:18] jdbc.audit[158] - 1. Connection.close() returned   com.zaxxer.hikari.pool.PoolBase.quietlyCloseConnection(PoolBase.java:135)
[ DEBUG] [2019-09-12 11:28:18] jdbc.audit[158] - 2. Connection.isClosed() returned false  com.zaxxer.hikari.pool.PoolBase.quietlyCloseConnection(PoolBase.java:131)
[ DEBUG] [2019-09-12 11:28:18] jdbc.connection[552] - open connections:  3 4 5 6 7 8 9 10 (8)
[ DEBUG] [2019-09-12 11:28:18] jdbc.audit[158] - 2. Connection.close() returned   com.zaxxer.hikari.pool.PoolBase.quietlyCloseConnection(PoolBase.java:135)
[ DEBUG] [2019-09-12 11:28:18] jdbc.audit[158] - 3. Connection.isClosed() returned false  com.zaxxer.hikari.pool.PoolBase.quietlyCloseConnection(PoolBase.java:131)
[ DEBUG] [2019-09-12 11:28:18] jdbc.connection[552] - open connections:  4 5 6 7 8 9 10 (7)
[ DEBUG] [2019-09-12 11:28:18] jdbc.audit[158] - 3. Connection.close() returned   com.zaxxer.hikari.pool.PoolBase.quietlyCloseConnection(PoolBase.java:135)
[ DEBUG] [2019-09-12 11:28:18] jdbc.audit[158] - 4. Connection.isClosed() returned false  com.zaxxer.hikari.pool.PoolBase.quietlyCloseConnection(PoolBase.java:131)
[ DEBUG] [2019-09-12 11:28:18] jdbc.connection[552] - open connections:  5 6 7 8 9 10 (6)
[ DEBUG] [2019-09-12 11:28:18] jdbc.audit[158] - 4. Connection.close() returned   com.zaxxer.hikari.pool.PoolBase.quietlyCloseConnection(PoolBase.java:135)
[ DEBUG] [2019-09-12 11:28:18] jdbc.audit[158] - 5. Connection.isClosed() returned false  com.zaxxer.hikari.pool.PoolBase.quietlyCloseConnection(PoolBase.java:131)
[ DEBUG] [2019-09-12 11:28:18] jdbc.connection[552] - open connections:  6 7 8 9 10 (5)
[ DEBUG] [2019-09-12 11:28:18] jdbc.audit[158] - 5. Connection.close() returned   com.zaxxer.hikari.pool.PoolBase.quietlyCloseConnection(PoolBase.java:135)
[ DEBUG] [2019-09-12 11:28:18] jdbc.audit[158] - 6. Connection.isClosed() returned false  com.zaxxer.hikari.pool.PoolBase.quietlyCloseConnection(PoolBase.java:131)
[ DEBUG] [2019-09-12 11:28:18] jdbc.connection[552] - open connections:  7 8 9 10 (4)
[ DEBUG] [2019-09-12 11:28:18] jdbc.audit[158] - 6. Connection.close() returned   com.zaxxer.hikari.pool.PoolBase.quietlyCloseConnection(PoolBase.java:135)
[ DEBUG] [2019-09-12 11:28:18] jdbc.audit[158] - 7. Connection.isClosed() returned false  com.zaxxer.hikari.pool.PoolBase.quietlyCloseConnection(PoolBase.java:131)
[ DEBUG] [2019-09-12 11:28:18] jdbc.connection[552] - open connections:  8 9 10 (3)
[ DEBUG] [2019-09-12 11:28:18] jdbc.audit[158] - 7. Connection.close() returned   com.zaxxer.hikari.pool.PoolBase.quietlyCloseConnection(PoolBase.java:135)
[ DEBUG] [2019-09-12 11:28:18] jdbc.audit[158] - 8. Connection.isClosed() returned false  com.zaxxer.hikari.pool.PoolBase.quietlyCloseConnection(PoolBase.java:131)
[ DEBUG] [2019-09-12 11:28:18] jdbc.connection[552] - open connections:  9 10 (2)
[ DEBUG] [2019-09-12 11:28:18] jdbc.audit[158] - 8. Connection.close() returned   com.zaxxer.hikari.pool.PoolBase.quietlyCloseConnection(PoolBase.java:135)
[ DEBUG] [2019-09-12 11:28:18] jdbc.audit[158] - 9. Connection.isClosed() returned false  com.zaxxer.hikari.pool.PoolBase.quietlyCloseConnection(PoolBase.java:131)
[ DEBUG] [2019-09-12 11:28:18] jdbc.connection[552] - open connections:  10 (1)
[ DEBUG] [2019-09-12 11:28:18] jdbc.audit[158] - 9. Connection.close() returned   com.zaxxer.hikari.pool.PoolBase.quietlyCloseConnection(PoolBase.java:135)
[ DEBUG] [2019-09-12 11:28:18] jdbc.audit[158] - 10. Connection.isClosed() returned false  com.zaxxer.hikari.pool.PoolBase.quietlyCloseConnection(PoolBase.java:131)
[ DEBUG] [2019-09-12 11:28:18] jdbc.connection[552] - open connections:  none
[ DEBUG] [2019-09-12 11:28:18] jdbc.audit[158] - 10. Connection.close() returned   com.zaxxer.hikari.pool.PoolBase.quietlyCloseConnection(PoolBase.java:135)
[ DEBUG] [2019-09-12 11:29:44] jdbc.sqlonly[221] -  com.zaxxer.hikari.pool.ProxyPreparedStatement.executeQuery(ProxyPreparedStatement.java:52)
1. select sysuser0_.id as id1_0_, sysuser0_.password as password2_0_, sysuser0_.username as username3_0_ 
from t_user sysuser0_ where sysuser0_.username='admin' 

[ DEBUG] [2019-09-12 11:29:45] jdbc.sqlonly[221] -  com.zaxxer.hikari.pool.ProxyPreparedStatement.executeQuery(ProxyPreparedStatement.java:52)
1. select sysuser0_.id as id1_0_, sysuser0_.password as password2_0_, sysuser0_.username as username3_0_ 
from t_user sysuser0_ where sysuser0_.username='admin' 

